2019-02-26 16:00:43,356 [INFO] [main] o.s.context.annotation.AnnotationConfigApplicationContext [AbstractApplicationContext.java : 590] Refreshing org.springframework.context.annotation.AnnotationConfigApplicationContext@d29f28: startup date [Tue Feb 26 16:00:43 CST 2019]; root of context hierarchy
2019-02-26 16:00:43,490 [INFO] [main] o.s.b.f.annotation.AutowiredAnnotationBeanPostProcessor [AutowiredAnnotationBeanPostProcessor.java : 153] JSR-330 'javax.inject.Inject' annotation found and supported for autowiring
2019-02-26 16:00:43,516 [INFO] [main] o.s.c.s.PostProcessorRegistrationDelegate$BeanPostProcessorChecker [PostProcessorRegistrationDelegate.java : 326] Bean 'configurationPropertiesRebinderAutoConfiguration' of type [org.springframework.cloud.autoconfigure.ConfigurationPropertiesRebinderAutoConfiguration$$EnhancerBySpringCGLIB$$307fd347] is not eligible for getting processed by all BeanPostProcessors (for example: not eligible for auto-proxying)
2019-02-26 16:00:44,925 [INFO] [main] com.hengyu.GatewayApplication [SpringApplication.java : 662] No active profile set, falling back to default profiles: default
2019-02-26 16:00:44,943 [INFO] [main] o.s.b.w.r.c.AnnotationConfigReactiveWebServerApplicationContext [AbstractApplicationContext.java : 590] Refreshing org.springframework.boot.web.reactive.context.AnnotationConfigReactiveWebServerApplicationContext@5dcd8c7a: startup date [Tue Feb 26 16:00:44 CST 2019]; parent: org.springframework.context.annotation.AnnotationConfigApplicationContext@d29f28
2019-02-26 16:00:45,468 [INFO] [main] o.s.data.repository.config.RepositoryConfigurationDelegate [RepositoryConfigurationDelegate.java : 163] Multiple Spring Data modules found, entering strict repository configuration mode!
2019-02-26 16:00:45,709 [INFO] [main] org.springframework.cloud.context.scope.GenericScope [GenericScope.java : 294] BeanFactory id=25ae48b0-b912-3c71-92af-4a7fe0926a1a
2019-02-26 16:00:45,732 [INFO] [main] o.s.b.f.annotation.AutowiredAnnotationBeanPostProcessor [AutowiredAnnotationBeanPostProcessor.java : 153] JSR-330 'javax.inject.Inject' annotation found and supported for autowiring
2019-02-26 16:00:45,888 [INFO] [main] o.s.c.s.PostProcessorRegistrationDelegate$BeanPostProcessorChecker [PostProcessorRegistrationDelegate.java : 326] Bean 'org.springframework.cloud.autoconfigure.ConfigurationPropertiesRebinderAutoConfiguration' of type [org.springframework.cloud.autoconfigure.ConfigurationPropertiesRebinderAutoConfiguration$$EnhancerBySpringCGLIB$$307fd347] is not eligible for getting processed by all BeanPostProcessors (for example: not eligible for auto-proxying)
2019-02-26 16:00:46,165 [INFO] [main] o.s.web.reactive.handler.SimpleUrlHandlerMapping [AbstractUrlHandlerMapping.java : 211] Mapped URL path [/webjars/**] onto handler of type [class org.springframework.web.reactive.resource.ResourceWebHandler]
2019-02-26 16:00:46,165 [INFO] [main] o.s.web.reactive.handler.SimpleUrlHandlerMapping [AbstractUrlHandlerMapping.java : 211] Mapped URL path [/**] onto handler of type [class org.springframework.web.reactive.resource.ResourceWebHandler]
2019-02-26 16:00:46,198 [INFO] [main] o.s.context.annotation.AnnotationConfigApplicationContext [AbstractApplicationContext.java : 590] Refreshing FeignContext-USER-CENTER: startup date [Tue Feb 26 16:00:46 CST 2019]; parent: org.springframework.boot.web.reactive.context.AnnotationConfigReactiveWebServerApplicationContext@5dcd8c7a
2019-02-26 16:00:46,212 [INFO] [main] o.s.b.f.annotation.AutowiredAnnotationBeanPostProcessor [AutowiredAnnotationBeanPostProcessor.java : 153] JSR-330 'javax.inject.Inject' annotation found and supported for autowiring
2019-02-26 16:00:47,613 [INFO] [main] o.s.cloud.gateway.route.RouteDefinitionRouteLocator [RouteDefinitionRouteLocator.java : 102] Loaded RoutePredicateFactory [After]
2019-02-26 16:00:47,613 [INFO] [main] o.s.cloud.gateway.route.RouteDefinitionRouteLocator [RouteDefinitionRouteLocator.java : 102] Loaded RoutePredicateFactory [Before]
2019-02-26 16:00:47,613 [INFO] [main] o.s.cloud.gateway.route.RouteDefinitionRouteLocator [RouteDefinitionRouteLocator.java : 102] Loaded RoutePredicateFactory [Between]
2019-02-26 16:00:47,614 [INFO] [main] o.s.cloud.gateway.route.RouteDefinitionRouteLocator [RouteDefinitionRouteLocator.java : 102] Loaded RoutePredicateFactory [Cookie]
2019-02-26 16:00:47,614 [INFO] [main] o.s.cloud.gateway.route.RouteDefinitionRouteLocator [RouteDefinitionRouteLocator.java : 102] Loaded RoutePredicateFactory [Header]
2019-02-26 16:00:47,614 [INFO] [main] o.s.cloud.gateway.route.RouteDefinitionRouteLocator [RouteDefinitionRouteLocator.java : 102] Loaded RoutePredicateFactory [Host]
2019-02-26 16:00:47,615 [INFO] [main] o.s.cloud.gateway.route.RouteDefinitionRouteLocator [RouteDefinitionRouteLocator.java : 102] Loaded RoutePredicateFactory [Method]
2019-02-26 16:00:47,615 [INFO] [main] o.s.cloud.gateway.route.RouteDefinitionRouteLocator [RouteDefinitionRouteLocator.java : 102] Loaded RoutePredicateFactory [Path]
2019-02-26 16:00:47,615 [INFO] [main] o.s.cloud.gateway.route.RouteDefinitionRouteLocator [RouteDefinitionRouteLocator.java : 102] Loaded RoutePredicateFactory [Query]
2019-02-26 16:00:47,615 [INFO] [main] o.s.cloud.gateway.route.RouteDefinitionRouteLocator [RouteDefinitionRouteLocator.java : 102] Loaded RoutePredicateFactory [ReadBodyPredicateFactory]
2019-02-26 16:00:47,616 [INFO] [main] o.s.cloud.gateway.route.RouteDefinitionRouteLocator [RouteDefinitionRouteLocator.java : 102] Loaded RoutePredicateFactory [RemoteAddr]
2019-02-26 16:00:47,616 [INFO] [main] o.s.cloud.gateway.route.RouteDefinitionRouteLocator [RouteDefinitionRouteLocator.java : 102] Loaded RoutePredicateFactory [Weight]
2019-02-26 16:00:48,999 [INFO] [main] org.springframework.cloud.commons.util.InetUtils [InetUtils.java : 170] Cannot determine local hostname
2019-02-26 16:00:50,230 [INFO] [main] org.springframework.cloud.commons.util.InetUtils [InetUtils.java : 170] Cannot determine local hostname
2019-02-26 16:00:50,411 [WARN] [main] com.netflix.config.sources.URLConfigurationSource [URLConfigurationSource.java : 121] No URLs will be polled as dynamic configuration sources.
2019-02-26 16:00:50,411 [INFO] [main] com.netflix.config.sources.URLConfigurationSource [URLConfigurationSource.java : 122] To enable URLs as dynamic configuration sources, define System property archaius.configurationSource.additionalUrls or make config.properties available on classpath.
2019-02-26 16:00:50,419 [INFO] [main] com.netflix.config.DynamicPropertyFactory [DynamicPropertyFactory.java : 281] DynamicPropertyFactory is initialized with configuration sources: com.netflix.config.ConcurrentCompositeConfiguration@118041c7
2019-02-26 16:00:50,597 [INFO] [main] o.s.boot.actuate.endpoint.web.EndpointLinksResolver [EndpointLinksResolver.java : 59] Exposing 2 endpoint(s) beneath base path '/actuator'
2019-02-26 16:00:50,612 [INFO] [main] o.s.b.a.endpoint.web.reactive.WebFluxEndpointHandlerMapping [AbstractHandlerMethodMapping.java : 468] Mapped "{[/actuator/health],methods=[GET],produces=[application/vnd.spring-boot.actuator.v2+json || application/json]}" onto public org.reactivestreams.Publisher<org.springframework.http.ResponseEntity<java.lang.Object>> org.springframework.boot.actuate.endpoint.web.reactive.AbstractWebFluxEndpointHandlerMapping$ReadOperationHandler.handle(org.springframework.web.server.ServerWebExchange)
2019-02-26 16:00:50,614 [INFO] [main] o.s.b.a.endpoint.web.reactive.WebFluxEndpointHandlerMapping [AbstractHandlerMethodMapping.java : 468] Mapped "{[/actuator/info],methods=[GET],produces=[application/vnd.spring-boot.actuator.v2+json || application/json]}" onto public org.reactivestreams.Publisher<org.springframework.http.ResponseEntity<java.lang.Object>> org.springframework.boot.actuate.endpoint.web.reactive.AbstractWebFluxEndpointHandlerMapping$ReadOperationHandler.handle(org.springframework.web.server.ServerWebExchange)
2019-02-26 16:00:50,614 [INFO] [main] o.s.b.a.endpoint.web.reactive.WebFluxEndpointHandlerMapping [AbstractHandlerMethodMapping.java : 468] Mapped "{[/actuator],methods=[GET],produces=[application/vnd.spring-boot.actuator.v2+json || application/json]}" onto protected java.util.Map<java.lang.String, java.util.Map<java.lang.String, org.springframework.boot.actuate.endpoint.web.Link>> org.springframework.boot.actuate.endpoint.web.reactive.WebFluxEndpointHandlerMapping.links(org.springframework.web.server.ServerWebExchange)
2019-02-26 16:00:50,667 [INFO] [main] o.s.w.r.result.method.annotation.ControllerMethodResolver [ControllerMethodResolver.java : 209] Looking for @ControllerAdvice: org.springframework.boot.web.reactive.context.AnnotationConfigReactiveWebServerApplicationContext@5dcd8c7a: startup date [Tue Feb 26 16:00:44 CST 2019]; parent: org.springframework.context.annotation.AnnotationConfigApplicationContext@d29f28
2019-02-26 16:00:50,845 [WARN] [main] com.netflix.config.sources.URLConfigurationSource [URLConfigurationSource.java : 121] No URLs will be polled as dynamic configuration sources.
2019-02-26 16:00:50,846 [INFO] [main] com.netflix.config.sources.URLConfigurationSource [URLConfigurationSource.java : 122] To enable URLs as dynamic configuration sources, define System property archaius.configurationSource.additionalUrls or make config.properties available on classpath.
2019-02-26 16:00:51,344 [INFO] [main] o.s.jmx.export.annotation.AnnotationMBeanExporter [MBeanExporter.java : 433] Registering beans for JMX exposure on startup
2019-02-26 16:00:51,352 [INFO] [main] o.s.jmx.export.annotation.AnnotationMBeanExporter [MBeanExporter.java : 895] Bean with name 'refreshScope' has been autodetected for JMX exposure
2019-02-26 16:00:51,354 [INFO] [main] o.s.jmx.export.annotation.AnnotationMBeanExporter [MBeanExporter.java : 895] Bean with name 'environmentManager' has been autodetected for JMX exposure
2019-02-26 16:00:51,355 [INFO] [main] o.s.jmx.export.annotation.AnnotationMBeanExporter [MBeanExporter.java : 895] Bean with name 'configurationPropertiesRebinder' has been autodetected for JMX exposure
2019-02-26 16:00:51,358 [INFO] [main] o.s.jmx.export.annotation.AnnotationMBeanExporter [MBeanExporter.java : 675] Located managed bean 'environmentManager': registering with JMX server as MBean [org.springframework.cloud.context.environment:name=environmentManager,type=EnvironmentManager]
2019-02-26 16:00:51,364 [INFO] [main] o.s.jmx.export.annotation.AnnotationMBeanExporter [MBeanExporter.java : 675] Located managed bean 'refreshScope': registering with JMX server as MBean [org.springframework.cloud.context.scope.refresh:name=refreshScope,type=RefreshScope]
2019-02-26 16:00:51,372 [INFO] [main] o.s.jmx.export.annotation.AnnotationMBeanExporter [MBeanExporter.java : 675] Located managed bean 'configurationPropertiesRebinder': registering with JMX server as MBean [org.springframework.cloud.context.properties:name=configurationPropertiesRebinder,context=5dcd8c7a,type=ConfigurationPropertiesRebinder]
2019-02-26 16:00:51,380 [INFO] [main] o.springframework.context.support.DefaultLifecycleProcessor [DefaultLifecycleProcessor.java : 351] Starting beans in phase 0
2019-02-26 16:00:51,386 [INFO] [main] org.springframework.cloud.netflix.eureka.InstanceInfoFactory [InstanceInfoFactory.java : 71] Setting initial instance status as: STARTING
2019-02-26 16:00:51,409 [INFO] [main] com.netflix.discovery.DiscoveryClient [DiscoveryClient.java : 349] Initializing Eureka in region us-east-1
2019-02-26 16:00:51,463 [INFO] [main] com.netflix.discovery.provider.DiscoveryJerseyProvider [DiscoveryJerseyProvider.java : 70] Using JSON encoding codec LegacyJacksonJson
2019-02-26 16:00:51,464 [INFO] [main] com.netflix.discovery.provider.DiscoveryJerseyProvider [DiscoveryJerseyProvider.java : 71] Using JSON decoding codec LegacyJacksonJson
2019-02-26 16:00:51,545 [INFO] [main] com.netflix.discovery.provider.DiscoveryJerseyProvider [DiscoveryJerseyProvider.java : 80] Using XML encoding codec XStreamXml
2019-02-26 16:00:51,546 [INFO] [main] com.netflix.discovery.provider.DiscoveryJerseyProvider [DiscoveryJerseyProvider.java : 81] Using XML decoding codec XStreamXml
2019-02-26 16:00:51,702 [INFO] [main] c.n.discovery.shared.resolver.aws.ConfigClusterResolver [ConfigClusterResolver.java : 43] Resolving eureka endpoints via configuration
2019-02-26 16:00:51,849 [INFO] [main] com.netflix.discovery.DiscoveryClient [DiscoveryClient.java : 958] Disable delta property : false
2019-02-26 16:00:51,850 [INFO] [main] com.netflix.discovery.DiscoveryClient [DiscoveryClient.java : 959] Single vip registry refresh property : null
2019-02-26 16:00:51,850 [INFO] [main] com.netflix.discovery.DiscoveryClient [DiscoveryClient.java : 960] Force full registry fetch : false
2019-02-26 16:00:51,850 [INFO] [main] com.netflix.discovery.DiscoveryClient [DiscoveryClient.java : 961] Application is null : false
2019-02-26 16:00:51,850 [INFO] [main] com.netflix.discovery.DiscoveryClient [DiscoveryClient.java : 962] Registered Applications size is zero : true
2019-02-26 16:00:51,850 [INFO] [main] com.netflix.discovery.DiscoveryClient [DiscoveryClient.java : 964] Application version is -1: true
2019-02-26 16:00:51,850 [INFO] [main] com.netflix.discovery.DiscoveryClient [DiscoveryClient.java : 1047] Getting all instance registry info from the eureka server
2019-02-26 16:00:51,984 [INFO] [main] com.netflix.discovery.DiscoveryClient [DiscoveryClient.java : 1056] The response status is 200
2019-02-26 16:00:51,986 [INFO] [main] com.netflix.discovery.DiscoveryClient [DiscoveryClient.java : 1264] Starting heartbeat executor: renew interval is: 30
2019-02-26 16:00:51,988 [INFO] [main] com.netflix.discovery.InstanceInfoReplicator [InstanceInfoReplicator.java : 60] InstanceInfoReplicator onDemand update allowed rate per min is 4
2019-02-26 16:00:51,992 [INFO] [main] com.netflix.discovery.DiscoveryClient [DiscoveryClient.java : 449] Discovery Client initialized at timestamp 1551168051991 with initial instances count: 2
2019-02-26 16:00:51,996 [INFO] [main] o.s.c.netflix.eureka.serviceregistry.EurekaServiceRegistry [EurekaServiceRegistry.java : 42] Registering application gateway with eureka with status UP
2019-02-26 16:00:51,997 [INFO] [main] com.netflix.discovery.DiscoveryClient [DiscoveryClient.java : 1299] Saw local status change event StatusChangeEvent [timestamp=1551168051997, current=UP, previous=STARTING]
2019-02-26 16:00:51,998 [INFO] [DiscoveryClient-InstanceInfoReplicator-0] com.netflix.discovery.DiscoveryClient [DiscoveryClient.java : 826] DiscoveryClient_GATEWAY/localhost:gateway:8100: registering service...
2019-02-26 16:00:52,028 [INFO] [DiscoveryClient-InstanceInfoReplicator-0] com.netflix.discovery.DiscoveryClient [DiscoveryClient.java : 835] DiscoveryClient_GATEWAY/localhost:gateway:8100 - registration status: 204
2019-02-26 16:00:52,326 [INFO] [reactor-http-nio-1] reactor.ipc.netty.tcp.BlockingNettyContext [Loggers.java : 238] Started HttpServer on /0:0:0:0:0:0:0:0:8100
2019-02-26 16:00:52,327 [INFO] [main] org.springframework.boot.web.embedded.netty.NettyWebServer [NettyWebServer.java : 83] Netty started on port(s): 8100
2019-02-26 16:00:52,328 [INFO] [main] o.s.c.n.eureka.serviceregistry.EurekaAutoServiceRegistration [EurekaAutoServiceRegistration.java : 124] Updating port to 8100
2019-02-26 16:00:52,330 [INFO] [main] com.hengyu.GatewayApplication [StartupInfoLogger.java : 59] Started GatewayApplication in 10.581 seconds (JVM running for 11.184)
2019-02-26 16:05:51,852 [INFO] [AsyncResolver-bootstrap-executor-0] c.n.discovery.shared.resolver.aws.ConfigClusterResolver [ConfigClusterResolver.java : 43] Resolving eureka endpoints via configuration
2019-02-26 16:10:51,854 [INFO] [AsyncResolver-bootstrap-executor-0] c.n.discovery.shared.resolver.aws.ConfigClusterResolver [ConfigClusterResolver.java : 43] Resolving eureka endpoints via configuration
2019-02-26 16:15:51,855 [INFO] [AsyncResolver-bootstrap-executor-0] c.n.discovery.shared.resolver.aws.ConfigClusterResolver [ConfigClusterResolver.java : 43] Resolving eureka endpoints via configuration
2019-02-26 16:20:51,856 [INFO] [AsyncResolver-bootstrap-executor-0] c.n.discovery.shared.resolver.aws.ConfigClusterResolver [ConfigClusterResolver.java : 43] Resolving eureka endpoints via configuration
2019-02-26 16:25:51,856 [INFO] [AsyncResolver-bootstrap-executor-0] c.n.discovery.shared.resolver.aws.ConfigClusterResolver [ConfigClusterResolver.java : 43] Resolving eureka endpoints via configuration
2019-02-26 16:30:51,857 [INFO] [AsyncResolver-bootstrap-executor-0] c.n.discovery.shared.resolver.aws.ConfigClusterResolver [ConfigClusterResolver.java : 43] Resolving eureka endpoints via configuration
2019-02-26 16:35:51,858 [INFO] [AsyncResolver-bootstrap-executor-0] c.n.discovery.shared.resolver.aws.ConfigClusterResolver [ConfigClusterResolver.java : 43] Resolving eureka endpoints via configuration
2019-02-26 16:40:51,859 [INFO] [AsyncResolver-bootstrap-executor-0] c.n.discovery.shared.resolver.aws.ConfigClusterResolver [ConfigClusterResolver.java : 43] Resolving eureka endpoints via configuration
2019-02-26 16:45:51,860 [INFO] [AsyncResolver-bootstrap-executor-0] c.n.discovery.shared.resolver.aws.ConfigClusterResolver [ConfigClusterResolver.java : 43] Resolving eureka endpoints via configuration
2019-02-26 16:50:51,862 [INFO] [AsyncResolver-bootstrap-executor-0] c.n.discovery.shared.resolver.aws.ConfigClusterResolver [ConfigClusterResolver.java : 43] Resolving eureka endpoints via configuration
2019-02-26 16:55:51,862 [INFO] [AsyncResolver-bootstrap-executor-0] c.n.discovery.shared.resolver.aws.ConfigClusterResolver [ConfigClusterResolver.java : 43] Resolving eureka endpoints via configuration
2019-02-26 17:00:51,864 [INFO] [AsyncResolver-bootstrap-executor-0] c.n.discovery.shared.resolver.aws.ConfigClusterResolver [ConfigClusterResolver.java : 43] Resolving eureka endpoints via configuration
2019-02-26 17:05:51,864 [INFO] [AsyncResolver-bootstrap-executor-0] c.n.discovery.shared.resolver.aws.ConfigClusterResolver [ConfigClusterResolver.java : 43] Resolving eureka endpoints via configuration
2019-02-26 17:10:51,865 [INFO] [AsyncResolver-bootstrap-executor-0] c.n.discovery.shared.resolver.aws.ConfigClusterResolver [ConfigClusterResolver.java : 43] Resolving eureka endpoints via configuration
2019-02-26 17:15:51,866 [INFO] [AsyncResolver-bootstrap-executor-0] c.n.discovery.shared.resolver.aws.ConfigClusterResolver [ConfigClusterResolver.java : 43] Resolving eureka endpoints via configuration
2019-02-26 17:20:51,867 [INFO] [AsyncResolver-bootstrap-executor-0] c.n.discovery.shared.resolver.aws.ConfigClusterResolver [ConfigClusterResolver.java : 43] Resolving eureka endpoints via configuration
2019-02-26 17:25:51,867 [INFO] [AsyncResolver-bootstrap-executor-0] c.n.discovery.shared.resolver.aws.ConfigClusterResolver [ConfigClusterResolver.java : 43] Resolving eureka endpoints via configuration
2019-02-26 17:30:51,868 [INFO] [AsyncResolver-bootstrap-executor-0] c.n.discovery.shared.resolver.aws.ConfigClusterResolver [ConfigClusterResolver.java : 43] Resolving eureka endpoints via configuration
2019-02-26 17:35:51,869 [INFO] [AsyncResolver-bootstrap-executor-0] c.n.discovery.shared.resolver.aws.ConfigClusterResolver [ConfigClusterResolver.java : 43] Resolving eureka endpoints via configuration
2019-02-26 17:40:51,870 [INFO] [AsyncResolver-bootstrap-executor-0] c.n.discovery.shared.resolver.aws.ConfigClusterResolver [ConfigClusterResolver.java : 43] Resolving eureka endpoints via configuration
2019-02-26 17:45:51,870 [INFO] [AsyncResolver-bootstrap-executor-0] c.n.discovery.shared.resolver.aws.ConfigClusterResolver [ConfigClusterResolver.java : 43] Resolving eureka endpoints via configuration
2019-02-26 17:50:51,871 [INFO] [AsyncResolver-bootstrap-executor-0] c.n.discovery.shared.resolver.aws.ConfigClusterResolver [ConfigClusterResolver.java : 43] Resolving eureka endpoints via configuration
2019-02-26 17:55:51,872 [INFO] [AsyncResolver-bootstrap-executor-0] c.n.discovery.shared.resolver.aws.ConfigClusterResolver [ConfigClusterResolver.java : 43] Resolving eureka endpoints via configuration
2019-02-26 18:00:51,873 [INFO] [AsyncResolver-bootstrap-executor-0] c.n.discovery.shared.resolver.aws.ConfigClusterResolver [ConfigClusterResolver.java : 43] Resolving eureka endpoints via configuration
2019-02-26 18:05:51,874 [INFO] [AsyncResolver-bootstrap-executor-0] c.n.discovery.shared.resolver.aws.ConfigClusterResolver [ConfigClusterResolver.java : 43] Resolving eureka endpoints via configuration
2019-02-26 18:10:51,875 [INFO] [AsyncResolver-bootstrap-executor-0] c.n.discovery.shared.resolver.aws.ConfigClusterResolver [ConfigClusterResolver.java : 43] Resolving eureka endpoints via configuration
2019-02-26 18:15:51,876 [INFO] [AsyncResolver-bootstrap-executor-0] c.n.discovery.shared.resolver.aws.ConfigClusterResolver [ConfigClusterResolver.java : 43] Resolving eureka endpoints via configuration
2019-02-26 18:20:51,876 [INFO] [AsyncResolver-bootstrap-executor-0] c.n.discovery.shared.resolver.aws.ConfigClusterResolver [ConfigClusterResolver.java : 43] Resolving eureka endpoints via configuration
2019-02-26 18:25:51,877 [INFO] [AsyncResolver-bootstrap-executor-0] c.n.discovery.shared.resolver.aws.ConfigClusterResolver [ConfigClusterResolver.java : 43] Resolving eureka endpoints via configuration
2019-02-26 18:30:51,879 [INFO] [AsyncResolver-bootstrap-executor-0] c.n.discovery.shared.resolver.aws.ConfigClusterResolver [ConfigClusterResolver.java : 43] Resolving eureka endpoints via configuration
2019-02-26 18:35:51,880 [INFO] [AsyncResolver-bootstrap-executor-0] c.n.discovery.shared.resolver.aws.ConfigClusterResolver [ConfigClusterResolver.java : 43] Resolving eureka endpoints via configuration
2019-02-26 18:40:51,880 [INFO] [AsyncResolver-bootstrap-executor-0] c.n.discovery.shared.resolver.aws.ConfigClusterResolver [ConfigClusterResolver.java : 43] Resolving eureka endpoints via configuration
2019-02-26 18:45:51,881 [INFO] [AsyncResolver-bootstrap-executor-0] c.n.discovery.shared.resolver.aws.ConfigClusterResolver [ConfigClusterResolver.java : 43] Resolving eureka endpoints via configuration
